{"C:\\Users\\Jesús\\Documents\\GitHub\\full-stack-open\\part5\\bloglist-frontend\\src\\App.jsx": {"path":"C:\\Users\\Jesús\\Documents\\GitHub\\full-stack-open\\part5\\bloglist-frontend\\src\\App.jsx","statementMap":{"0":{"start":{"line":9,"column":12},"end":{"line":81,"column":1}},"1":{"start":{"line":10,"column":28},"end":{"line":10,"column":40}},"2":{"start":{"line":11,"column":26},"end":{"line":11,"column":40}},"3":{"start":{"line":12,"column":32},"end":{"line":12,"column":46}},"4":{"start":{"line":13,"column":40},"end":{"line":13,"column":54}},"5":{"start":{"line":14,"column":32},"end":{"line":14,"column":47}},"6":{"start":{"line":15,"column":22},"end":{"line":15,"column":30}},"7":{"start":{"line":17,"column":2},"end":{"line":22,"column":15}},"8":{"start":{"line":18,"column":4},"end":{"line":21,"column":6}},"9":{"start":{"line":19,"column":6},"end":{"line":19,"column":46}},"10":{"start":{"line":19,"column":28},"end":{"line":19,"column":45}},"11":{"start":{"line":20,"column":6},"end":{"line":20,"column":23}},"12":{"start":{"line":24,"column":2},"end":{"line":30,"column":8}},"13":{"start":{"line":25,"column":23},"end":{"line":25,"column":65}},"14":{"start":{"line":26,"column":4},"end":{"line":29,"column":5}},"15":{"start":{"line":27,"column":19},"end":{"line":27,"column":41}},"16":{"start":{"line":28,"column":6},"end":{"line":28,"column":19}},"17":{"start":{"line":32,"column":23},"end":{"line":35,"column":3}},"18":{"start":{"line":33,"column":4},"end":{"line":33,"column":49}},"19":{"start":{"line":34,"column":4},"end":{"line":34,"column":17}},"20":{"start":{"line":37,"column":23},"end":{"line":39,"column":3}},"21":{"start":{"line":38,"column":4},"end":{"line":38,"column":24}},"22":{"start":{"line":41,"column":22},"end":{"line":49,"column":3}},"23":{"start":{"line":42,"column":4},"end":{"line":42,"column":24}},"24":{"start":{"line":43,"column":4},"end":{"line":43,"column":19}},"25":{"start":{"line":45,"column":4},"end":{"line":48,"column":12}},"26":{"start":{"line":46,"column":6},"end":{"line":46,"column":26}},"27":{"start":{"line":47,"column":6},"end":{"line":47,"column":22}},"28":{"start":{"line":51,"column":18},"end":{"line":54,"column":3}},"29":{"start":{"line":52,"column":4},"end":{"line":52,"column":45}},"30":{"start":{"line":53,"column":4},"end":{"line":53,"column":24}},"31":{"start":{"line":56,"column":21},"end":{"line":59,"column":3}},"32":{"start":{"line":57,"column":4},"end":{"line":57,"column":32}},"33":{"start":{"line":58,"column":4},"end":{"line":58,"column":24}},"34":{"start":{"line":61,"column":2},"end":{"line":80,"column":3}},"35":{"start":{"line":77,"column":8},"end":{"line":77,"column":84}}},"fnMap":{"0":{"name":"(anonymous_0)","decl":{"start":{"line":9,"column":12},"end":{"line":9,"column":13}},"loc":{"start":{"line":9,"column":18},"end":{"line":81,"column":1}},"line":9},"1":{"name":"(anonymous_1)","decl":{"start":{"line":17,"column":12},"end":{"line":17,"column":13}},"loc":{"start":{"line":17,"column":18},"end":{"line":22,"column":3}},"line":17},"2":{"name":"(anonymous_2)","decl":{"start":{"line":18,"column":30},"end":{"line":18,"column":31}},"loc":{"start":{"line":18,"column":39},"end":{"line":21,"column":5}},"line":18},"3":{"name":"(anonymous_3)","decl":{"start":{"line":19,"column":18},"end":{"line":19,"column":19}},"loc":{"start":{"line":19,"column":28},"end":{"line":19,"column":45}},"line":19},"4":{"name":"(anonymous_4)","decl":{"start":{"line":24,"column":13},"end":{"line":24,"column":14}},"loc":{"start":{"line":24,"column":19},"end":{"line":30,"column":3}},"line":24},"5":{"name":"(anonymous_5)","decl":{"start":{"line":32,"column":23},"end":{"line":32,"column":24}},"loc":{"start":{"line":32,"column":29},"end":{"line":35,"column":3}},"line":32},"6":{"name":"(anonymous_6)","decl":{"start":{"line":37,"column":23},"end":{"line":37,"column":24}},"loc":{"start":{"line":37,"column":29},"end":{"line":39,"column":3}},"line":37},"7":{"name":"(anonymous_7)","decl":{"start":{"line":41,"column":22},"end":{"line":41,"column":23}},"loc":{"start":{"line":41,"column":37},"end":{"line":49,"column":3}},"line":41},"8":{"name":"(anonymous_8)","decl":{"start":{"line":45,"column":15},"end":{"line":45,"column":16}},"loc":{"start":{"line":45,"column":21},"end":{"line":48,"column":5}},"line":45},"9":{"name":"(anonymous_9)","decl":{"start":{"line":51,"column":18},"end":{"line":51,"column":19}},"loc":{"start":{"line":51,"column":45},"end":{"line":54,"column":3}},"line":51},"10":{"name":"(anonymous_10)","decl":{"start":{"line":56,"column":21},"end":{"line":56,"column":22}},"loc":{"start":{"line":56,"column":35},"end":{"line":59,"column":3}},"line":56},"11":{"name":"(anonymous_11)","decl":{"start":{"line":76,"column":17},"end":{"line":76,"column":18}},"loc":{"start":{"line":77,"column":8},"end":{"line":77,"column":84}},"line":77}},"branchMap":{"0":{"loc":{"start":{"line":26,"column":4},"end":{"line":29,"column":5}},"type":"if","locations":[{"start":{"line":26,"column":4},"end":{"line":29,"column":5}},{"start":{},"end":{}}],"line":26},"1":{"loc":{"start":{"line":65,"column":7},"end":{"line":72,"column":14}},"type":"cond-expr","locations":[{"start":{"line":66,"column":10},"end":{"line":66,"column":62}},{"start":{"line":67,"column":10},"end":{"line":72,"column":14}}],"line":65}},"s":{"0":0,"1":0,"2":0,"3":0,"4":0,"5":0,"6":0,"7":0,"8":0,"9":0,"10":0,"11":0,"12":0,"13":0,"14":0,"15":0,"16":0,"17":0,"18":0,"19":0,"20":0,"21":0,"22":0,"23":0,"24":0,"25":0,"26":0,"27":0,"28":0,"29":0,"30":0,"31":0,"32":0,"33":0,"34":0,"35":0},"f":{"0":0,"1":0,"2":0,"3":0,"4":0,"5":0,"6":0,"7":0,"8":0,"9":0,"10":0,"11":0},"b":{"0":[0,0],"1":[0,0]}}
,"C:\\Users\\Jesús\\Documents\\GitHub\\full-stack-open\\part5\\bloglist-frontend\\src\\main.jsx": {"path":"C:\\Users\\Jesús\\Documents\\GitHub\\full-stack-open\\part5\\bloglist-frontend\\src\\main.jsx","statementMap":{"0":{"start":{"line":4,"column":0},"end":{"line":4,"column":68}}},"fnMap":{},"branchMap":{},"s":{"0":0},"f":{},"b":{}}
,"C:\\Users\\Jesús\\Documents\\GitHub\\full-stack-open\\part5\\bloglist-frontend\\src\\components\\Blog.jsx": {"path":"C:\\Users\\Jesús\\Documents\\GitHub\\full-stack-open\\part5\\bloglist-frontend\\src\\components\\Blog.jsx","statementMap":{"0":{"start":{"line":4,"column":13},"end":{"line":64,"column":1}},"1":{"start":{"line":6,"column":32},"end":{"line":6,"column":47}},"2":{"start":{"line":8,"column":26},"end":{"line":8,"column":60}},"3":{"start":{"line":9,"column":26},"end":{"line":9,"column":60}},"4":{"start":{"line":11,"column":2},"end":{"line":13,"column":3}},"5":{"start":{"line":15,"column":20},"end":{"line":21,"column":3}},"6":{"start":{"line":23,"column":27},"end":{"line":25,"column":3}},"7":{"start":{"line":24,"column":4},"end":{"line":24,"column":24}},"8":{"start":{"line":27,"column":21},"end":{"line":37,"column":3}},"9":{"start":{"line":29,"column":24},"end":{"line":34,"column":5}},"10":{"start":{"line":36,"column":4},"end":{"line":36,"column":34}},"11":{"start":{"line":39,"column":23},"end":{"line":43,"column":3}},"12":{"start":{"line":40,"column":4},"end":{"line":42,"column":5}},"13":{"start":{"line":41,"column":6},"end":{"line":41,"column":25}},"14":{"start":{"line":45,"column":2},"end":{"line":63,"column":3}}},"fnMap":{"0":{"name":"(anonymous_0)","decl":{"start":{"line":4,"column":13},"end":{"line":4,"column":14}},"loc":{"start":{"line":4,"column":48},"end":{"line":64,"column":1}},"line":4},"1":{"name":"(anonymous_1)","decl":{"start":{"line":23,"column":27},"end":{"line":23,"column":28}},"loc":{"start":{"line":23,"column":33},"end":{"line":25,"column":3}},"line":23},"2":{"name":"(anonymous_2)","decl":{"start":{"line":27,"column":21},"end":{"line":27,"column":22}},"loc":{"start":{"line":27,"column":27},"end":{"line":37,"column":3}},"line":27},"3":{"name":"(anonymous_3)","decl":{"start":{"line":39,"column":23},"end":{"line":39,"column":24}},"loc":{"start":{"line":39,"column":29},"end":{"line":43,"column":3}},"line":39}},"branchMap":{"0":{"loc":{"start":{"line":8,"column":37},"end":{"line":8,"column":58}},"type":"cond-expr","locations":[{"start":{"line":8,"column":47},"end":{"line":8,"column":53}},{"start":{"line":8,"column":56},"end":{"line":8,"column":58}}],"line":8},"1":{"loc":{"start":{"line":9,"column":37},"end":{"line":9,"column":58}},"type":"cond-expr","locations":[{"start":{"line":9,"column":47},"end":{"line":9,"column":49}},{"start":{"line":9,"column":52},"end":{"line":9,"column":58}}],"line":9},"2":{"loc":{"start":{"line":40,"column":4},"end":{"line":42,"column":5}},"type":"if","locations":[{"start":{"line":40,"column":4},"end":{"line":42,"column":5}},{"start":{},"end":{}}],"line":40}},"s":{"0":1,"1":5,"2":5,"3":5,"4":5,"5":5,"6":5,"7":2,"8":5,"9":2,"10":2,"11":5,"12":0,"13":0,"14":5},"f":{"0":5,"1":2,"2":2,"3":0},"b":{"0":[2,3],"1":[2,3],"2":[0,0]},"_coverageSchema":"1a1c01bbd47fc00a2c39e90264f33305004495a9","hash":"c4ec1685a052e4ba3362e3e34a9308bb3640d16e"}
,"C:\\Users\\Jesús\\Documents\\GitHub\\full-stack-open\\part5\\bloglist-frontend\\src\\components\\BlogForm.jsx": {"path":"C:\\Users\\Jesús\\Documents\\GitHub\\full-stack-open\\part5\\bloglist-frontend\\src\\components\\BlogForm.jsx","statementMap":{"0":{"start":{"line":5,"column":28},"end":{"line":5,"column":40}},"1":{"start":{"line":6,"column":30},"end":{"line":6,"column":42}},"2":{"start":{"line":7,"column":24},"end":{"line":7,"column":36}},"3":{"start":{"line":9,"column":18},"end":{"line":22,"column":3}},"4":{"start":{"line":10,"column":4},"end":{"line":10,"column":26}},"5":{"start":{"line":11,"column":4},"end":{"line":15,"column":6}},"6":{"start":{"line":18,"column":4},"end":{"line":18,"column":17}},"7":{"start":{"line":19,"column":4},"end":{"line":19,"column":16}},"8":{"start":{"line":20,"column":4},"end":{"line":20,"column":14}},"9":{"start":{"line":24,"column":2},"end":{"line":58,"column":3}},"10":{"start":{"line":34,"column":38},"end":{"line":34,"column":60}},"11":{"start":{"line":43,"column":38},"end":{"line":43,"column":61}},"12":{"start":{"line":52,"column":38},"end":{"line":52,"column":58}}},"fnMap":{"0":{"name":"BlogForm","decl":{"start":{"line":3,"column":24},"end":{"line":3,"column":32}},"loc":{"start":{"line":3,"column":75},"end":{"line":59,"column":1}},"line":3},"1":{"name":"(anonymous_1)","decl":{"start":{"line":9,"column":18},"end":{"line":9,"column":19}},"loc":{"start":{"line":9,"column":29},"end":{"line":22,"column":3}},"line":9},"2":{"name":"(anonymous_2)","decl":{"start":{"line":34,"column":22},"end":{"line":34,"column":23}},"loc":{"start":{"line":34,"column":38},"end":{"line":34,"column":60}},"line":34},"3":{"name":"(anonymous_3)","decl":{"start":{"line":43,"column":22},"end":{"line":43,"column":23}},"loc":{"start":{"line":43,"column":38},"end":{"line":43,"column":61}},"line":43},"4":{"name":"(anonymous_4)","decl":{"start":{"line":52,"column":22},"end":{"line":52,"column":23}},"loc":{"start":{"line":52,"column":38},"end":{"line":52,"column":58}},"line":52}},"branchMap":{},"s":{"0":45,"1":45,"2":45,"3":45,"4":1,"5":1,"6":1,"7":1,"8":1,"9":45,"10":14,"11":10,"12":19},"f":{"0":45,"1":1,"2":14,"3":10,"4":19},"b":{},"_coverageSchema":"1a1c01bbd47fc00a2c39e90264f33305004495a9","hash":"93e073b09fe9e54dd797668c255b73e635f75026"}
,"C:\\Users\\Jesús\\Documents\\GitHub\\full-stack-open\\part5\\bloglist-frontend\\src\\components\\Login.jsx": {"path":"C:\\Users\\Jesús\\Documents\\GitHub\\full-stack-open\\part5\\bloglist-frontend\\src\\components\\Login.jsx","statementMap":{"0":{"start":{"line":7,"column":34},"end":{"line":7,"column":46}},"1":{"start":{"line":8,"column":34},"end":{"line":8,"column":46}},"2":{"start":{"line":10,"column":2},"end":{"line":12,"column":3}},"3":{"start":{"line":14,"column":22},"end":{"line":30,"column":3}},"4":{"start":{"line":15,"column":4},"end":{"line":15,"column":26}},"5":{"start":{"line":16,"column":4},"end":{"line":29,"column":5}},"6":{"start":{"line":17,"column":19},"end":{"line":20,"column":8}},"7":{"start":{"line":22,"column":6},"end":{"line":22,"column":70}},"8":{"start":{"line":23,"column":6},"end":{"line":23,"column":38}},"9":{"start":{"line":24,"column":6},"end":{"line":24,"column":19}},"10":{"start":{"line":25,"column":6},"end":{"line":25,"column":21}},"11":{"start":{"line":26,"column":6},"end":{"line":26,"column":21}},"12":{"start":{"line":28,"column":6},"end":{"line":28,"column":50}},"13":{"start":{"line":32,"column":2},"end":{"line":57,"column":3}},"14":{"start":{"line":42,"column":38},"end":{"line":42,"column":63}},"15":{"start":{"line":51,"column":38},"end":{"line":51,"column":63}}},"fnMap":{"0":{"name":"Login","decl":{"start":{"line":6,"column":24},"end":{"line":6,"column":29}},"loc":{"start":{"line":6,"column":55},"end":{"line":58,"column":1}},"line":6},"1":{"name":"(anonymous_1)","decl":{"start":{"line":14,"column":22},"end":{"line":14,"column":23}},"loc":{"start":{"line":14,"column":39},"end":{"line":30,"column":3}},"line":14},"2":{"name":"(anonymous_2)","decl":{"start":{"line":42,"column":22},"end":{"line":42,"column":23}},"loc":{"start":{"line":42,"column":38},"end":{"line":42,"column":63}},"line":42},"3":{"name":"(anonymous_3)","decl":{"start":{"line":51,"column":22},"end":{"line":51,"column":23}},"loc":{"start":{"line":51,"column":38},"end":{"line":51,"column":63}},"line":51}},"branchMap":{},"s":{"0":0,"1":0,"2":0,"3":0,"4":0,"5":0,"6":0,"7":0,"8":0,"9":0,"10":0,"11":0,"12":0,"13":0,"14":0,"15":0},"f":{"0":0,"1":0,"2":0,"3":0},"b":{}}
,"C:\\Users\\Jesús\\Documents\\GitHub\\full-stack-open\\part5\\bloglist-frontend\\src\\components\\Notification.jsx": {"path":"C:\\Users\\Jesús\\Documents\\GitHub\\full-stack-open\\part5\\bloglist-frontend\\src\\components\\Notification.jsx","statementMap":{"0":{"start":{"line":6,"column":4},"end":{"line":8,"column":5}},"1":{"start":{"line":7,"column":8},"end":{"line":7,"column":19}},"2":{"start":{"line":10,"column":4},"end":{"line":12,"column":8}}},"fnMap":{"0":{"name":"Notification","decl":{"start":{"line":4,"column":24},"end":{"line":4,"column":36}},"loc":{"start":{"line":4,"column":57},"end":{"line":13,"column":1}},"line":4}},"branchMap":{"0":{"loc":{"start":{"line":6,"column":4},"end":{"line":8,"column":5}},"type":"if","locations":[{"start":{"line":6,"column":4},"end":{"line":8,"column":5}},{"start":{},"end":{}}],"line":6}},"s":{"0":0,"1":0,"2":0},"f":{"0":0},"b":{"0":[0,0]}}
,"C:\\Users\\Jesús\\Documents\\GitHub\\full-stack-open\\part5\\bloglist-frontend\\src\\components\\Togglable.jsx": {"path":"C:\\Users\\Jesús\\Documents\\GitHub\\full-stack-open\\part5\\bloglist-frontend\\src\\components\\Togglable.jsx","statementMap":{"0":{"start":{"line":4,"column":18},"end":{"line":30,"column":2}},"1":{"start":{"line":6,"column":34},"end":{"line":6,"column":49}},"2":{"start":{"line":8,"column":28},"end":{"line":8,"column":61}},"3":{"start":{"line":9,"column":28},"end":{"line":9,"column":61}},"4":{"start":{"line":11,"column":29},"end":{"line":13,"column":5}},"5":{"start":{"line":12,"column":8},"end":{"line":12,"column":28}},"6":{"start":{"line":15,"column":4},"end":{"line":17,"column":6}},"7":{"start":{"line":16,"column":8},"end":{"line":16,"column":35}},"8":{"start":{"line":19,"column":4},"end":{"line":29,"column":3}}},"fnMap":{"0":{"name":"(anonymous_0)","decl":{"start":{"line":4,"column":29},"end":{"line":4,"column":30}},"loc":{"start":{"line":4,"column":46},"end":{"line":30,"column":1}},"line":4},"1":{"name":"(anonymous_1)","decl":{"start":{"line":11,"column":29},"end":{"line":11,"column":30}},"loc":{"start":{"line":11,"column":35},"end":{"line":13,"column":5}},"line":11},"2":{"name":"(anonymous_2)","decl":{"start":{"line":15,"column":31},"end":{"line":15,"column":32}},"loc":{"start":{"line":15,"column":37},"end":{"line":17,"column":5}},"line":15}},"branchMap":{"0":{"loc":{"start":{"line":8,"column":39},"end":{"line":8,"column":60}},"type":"cond-expr","locations":[{"start":{"line":8,"column":49},"end":{"line":8,"column":55}},{"start":{"line":8,"column":58},"end":{"line":8,"column":60}}],"line":8},"1":{"loc":{"start":{"line":9,"column":39},"end":{"line":9,"column":60}},"type":"cond-expr","locations":[{"start":{"line":9,"column":49},"end":{"line":9,"column":51}},{"start":{"line":9,"column":54},"end":{"line":9,"column":60}}],"line":9}},"s":{"0":0,"1":0,"2":0,"3":0,"4":0,"5":0,"6":0,"7":0,"8":0},"f":{"0":0,"1":0,"2":0},"b":{"0":[0,0],"1":[0,0]}}
,"C:\\Users\\Jesús\\Documents\\GitHub\\full-stack-open\\part5\\bloglist-frontend\\src\\services\\blogs.js": {"path":"C:\\Users\\Jesús\\Documents\\GitHub\\full-stack-open\\part5\\bloglist-frontend\\src\\services\\blogs.js","statementMap":{"0":{"start":{"line":2,"column":16},"end":{"line":2,"column":49}},"1":{"start":{"line":4,"column":12},"end":{"line":4,"column":16}},"2":{"start":{"line":6,"column":17},"end":{"line":8,"column":1}},"3":{"start":{"line":7,"column":2},"end":{"line":7,"column":30}},"4":{"start":{"line":10,"column":15},"end":{"line":13,"column":1}},"5":{"start":{"line":11,"column":18},"end":{"line":11,"column":36}},"6":{"start":{"line":12,"column":2},"end":{"line":12,"column":48}},"7":{"start":{"line":12,"column":34},"end":{"line":12,"column":47}},"8":{"start":{"line":15,"column":15},"end":{"line":23,"column":1}},"9":{"start":{"line":17,"column":15},"end":{"line":19,"column":3}},"10":{"start":{"line":21,"column":19},"end":{"line":21,"column":60}},"11":{"start":{"line":22,"column":2},"end":{"line":22,"column":22}},"12":{"start":{"line":25,"column":15},"end":{"line":28,"column":1}},"13":{"start":{"line":26,"column":19},"end":{"line":26,"column":67}},"14":{"start":{"line":27,"column":2},"end":{"line":27,"column":22}},"15":{"start":{"line":30,"column":15},"end":{"line":36,"column":1}},"16":{"start":{"line":31,"column":15},"end":{"line":33,"column":3}},"17":{"start":{"line":34,"column":19},"end":{"line":34,"column":63}},"18":{"start":{"line":35,"column":2},"end":{"line":35,"column":22}}},"fnMap":{"0":{"name":"(anonymous_0)","decl":{"start":{"line":6,"column":17},"end":{"line":6,"column":18}},"loc":{"start":{"line":6,"column":29},"end":{"line":8,"column":1}},"line":6},"1":{"name":"(anonymous_1)","decl":{"start":{"line":10,"column":15},"end":{"line":10,"column":16}},"loc":{"start":{"line":10,"column":21},"end":{"line":13,"column":1}},"line":10},"2":{"name":"(anonymous_2)","decl":{"start":{"line":12,"column":22},"end":{"line":12,"column":23}},"loc":{"start":{"line":12,"column":34},"end":{"line":12,"column":47}},"line":12},"3":{"name":"(anonymous_3)","decl":{"start":{"line":15,"column":15},"end":{"line":15,"column":16}},"loc":{"start":{"line":15,"column":32},"end":{"line":23,"column":1}},"line":15},"4":{"name":"(anonymous_4)","decl":{"start":{"line":25,"column":15},"end":{"line":25,"column":16}},"loc":{"start":{"line":25,"column":42},"end":{"line":28,"column":1}},"line":25},"5":{"name":"(anonymous_5)","decl":{"start":{"line":30,"column":15},"end":{"line":30,"column":16}},"loc":{"start":{"line":30,"column":29},"end":{"line":36,"column":1}},"line":30}},"branchMap":{},"s":{"0":0,"1":0,"2":0,"3":0,"4":0,"5":0,"6":0,"7":0,"8":0,"9":0,"10":0,"11":0,"12":0,"13":0,"14":0,"15":0,"16":0,"17":0,"18":0},"f":{"0":0,"1":0,"2":0,"3":0,"4":0,"5":0},"b":{}}
,"C:\\Users\\Jesús\\Documents\\GitHub\\full-stack-open\\part5\\bloglist-frontend\\src\\services\\login.js": {"path":"C:\\Users\\Jesús\\Documents\\GitHub\\full-stack-open\\part5\\bloglist-frontend\\src\\services\\login.js","statementMap":{"0":{"start":{"line":2,"column":16},"end":{"line":2,"column":49}},"1":{"start":{"line":4,"column":14},"end":{"line":7,"column":1}},"2":{"start":{"line":5,"column":21},"end":{"line":5,"column":59}},"3":{"start":{"line":6,"column":4},"end":{"line":6,"column":24}},"4":{"start":{"line":9,"column":21},"end":{"line":9,"column":30}}},"fnMap":{"0":{"name":"(anonymous_0)","decl":{"start":{"line":4,"column":14},"end":{"line":4,"column":15}},"loc":{"start":{"line":4,"column":35},"end":{"line":7,"column":1}},"line":4}},"branchMap":{},"s":{"0":0,"1":0,"2":0,"3":0,"4":0},"f":{"0":0},"b":{}}
}
